<?xml version="1.0" encoding="UTF-8"?>
<!-- Generated by org.testng.reporters.JUnitXMLReporter -->
<testsuite ignored="0" hostname="DESKTOP-1E2J2TQ" failures="1" tests="2" name="Chrome" time="14.078" errors="0" timestamp="2022-02-17T14:56:15 IST">
  <testcase classname="tests.ToVerifyLoginPage" name="testDetails1" time="3.021"/>
  <testcase classname="tests.ToVerifyLoginPage" name="testDetails2" time="1.568">
    <failure type="java.lang.AssertionError" message="null">
      <![CDATA[java.lang.AssertionError: null
at tests.ToVerifyLoginPage.testDetails2(ToVerifyLoginPage.java:115)
at java.base/java.util.ArrayList.forEach(ArrayList.java:1511)
at java.base/java.util.concurrent.FutureTask.run(FutureTask.java:264)
at java.base/java.util.concurrent.ThreadPoolExecutor.runWorker(ThreadPoolExecutor.java:1130)
at java.base/java.util.concurrent.ThreadPoolExecutor$Worker.run(ThreadPoolExecutor.java:630)
at java.base/java.lang.Thread.run(Thread.java:831)
... Removed 20 stack frames]]>
    </failure>
  </testcase> <!-- testDetails2 -->
</testsuite> <!-- Chrome -->
