<?xml version="1.0" encoding="UTF-8"?>
<testng-results ignored="0" total="4" passed="2" failed="2" skipped="0">
  <reporter-output>
  </reporter-output>
  <suite started-at="2022-02-20T21:00:34 IST" name="CBrowserSuit" finished-at="2022-02-20T21:00:53 IST" duration-ms="18435">
    <groups>
    </groups>
    <test started-at="2022-02-20T21:00:34 IST" name="Chrome" finished-at="2022-02-20T21:00:51 IST" duration-ms="16911">
      <class name="tests.ToVerifyLoginPage">
        <test-method is-config="true" signature="launchBrowser(java.lang.String)[pri:0, instance:tests.ToVerifyLoginPage@5e82df6a]" started-at="2022-02-20T21:00:34 IST" name="launchBrowser" finished-at="2022-02-20T21:00:37 IST" duration-ms="2799" status="PASS">
          <params>
            <param index="0">
              <value>
                <![CDATA[chrome]]>
              </value>
            </param>
          </params>
          <reporter-output>
          </reporter-output>
        </test-method> <!-- launchBrowser -->
        <test-method is-config="true" signature="objectOfPOM()[pri:0, instance:tests.ToVerifyLoginPage@5e82df6a]" started-at="2022-02-20T21:00:37 IST" name="objectOfPOM" finished-at="2022-02-20T21:00:37 IST" duration-ms="61" status="PASS">
          <reporter-output>
          </reporter-output>
        </test-method> <!-- objectOfPOM -->
        <test-method is-config="true" signature="loginToUpstox()[pri:0, instance:tests.ToVerifyLoginPage@5e82df6a]" started-at="2022-02-20T21:00:37 IST" name="loginToUpstox" finished-at="2022-02-20T21:00:44 IST" duration-ms="6753" status="PASS">
          <reporter-output>
          </reporter-output>
        </test-method> <!-- loginToUpstox -->
        <test-method signature="testDetails1()[pri:0, instance:tests.ToVerifyLoginPage@5e82df6a]" started-at="2022-02-20T21:00:44 IST" name="testDetails1" finished-at="2022-02-20T21:00:48 IST" duration-ms="4267" status="PASS">
          <reporter-output>
          </reporter-output>
        </test-method> <!-- testDetails1 -->
        <test-method is-config="true" signature="reverse(org.testng.ITestResult)[pri:0, instance:tests.ToVerifyLoginPage@5e82df6a]" started-at="2022-02-20T21:00:48 IST" name="reverse" finished-at="2022-02-20T21:00:48 IST" duration-ms="2" status="PASS">
          <params>
            <param index="0">
              <value>
                <![CDATA[[TestResult name=testDetails1 status=SUCCESS method=ToVerifyLoginPage.testDetails1()[pri:0, instance:tests.ToVerifyLoginPage@5e82df6a] output={null}]]]>
              </value>
            </param>
          </params>
          <reporter-output>
          </reporter-output>
        </test-method> <!-- reverse -->
        <test-method is-config="true" signature="loginToUpstox()[pri:0, instance:tests.ToVerifyLoginPage@5e82df6a]" started-at="2022-02-20T21:00:48 IST" name="loginToUpstox" finished-at="2022-02-20T21:00:49 IST" duration-ms="739" status="PASS">
          <reporter-output>
          </reporter-output>
        </test-method> <!-- loginToUpstox -->
        <test-method signature="testDetails2()[pri:0, instance:tests.ToVerifyLoginPage@5e82df6a]" started-at="2022-02-20T21:00:49 IST" name="testDetails2" finished-at="2022-02-20T21:00:50 IST" duration-ms="1650" status="FAIL">
          <exception class="java.lang.AssertionError">
            <message>
              <![CDATA[null]]>
            </message>
            <full-stacktrace>
              <![CDATA[java.lang.AssertionError: null
at org.testng.Assert.fail(Assert.java:99)
at org.testng.Assert.fail(Assert.java:106)
at tests.ToVerifyLoginPage.testDetails2(ToVerifyLoginPage.java:113)
at java.base/jdk.internal.reflect.NativeMethodAccessorImpl.invoke0(Native Method)
at java.base/jdk.internal.reflect.NativeMethodAccessorImpl.invoke(NativeMethodAccessorImpl.java:78)
at java.base/jdk.internal.reflect.DelegatingMethodAccessorImpl.invoke(DelegatingMethodAccessorImpl.java:43)
at java.base/java.lang.reflect.Method.invoke(Method.java:567)
at org.testng.internal.MethodInvocationHelper.invokeMethod(MethodInvocationHelper.java:133)
at org.testng.internal.TestInvoker.invokeMethod(TestInvoker.java:598)
at org.testng.internal.TestInvoker.invokeTestMethod(TestInvoker.java:173)
at org.testng.internal.MethodRunner.runInSequence(MethodRunner.java:46)
at org.testng.internal.TestInvoker$MethodInvocationAgent.invoke(TestInvoker.java:824)
at org.testng.internal.TestInvoker.invokeTestMethods(TestInvoker.java:146)
at org.testng.internal.TestMethodWorker.invokeTestMethods(TestMethodWorker.java:146)
at org.testng.internal.TestMethodWorker.run(TestMethodWorker.java:128)
at java.base/java.util.ArrayList.forEach(ArrayList.java:1511)
at org.testng.TestRunner.privateRun(TestRunner.java:794)
at org.testng.TestRunner.run(TestRunner.java:596)
at org.testng.SuiteRunner.runTest(SuiteRunner.java:377)
at org.testng.SuiteRunner.access$000(SuiteRunner.java:28)
at org.testng.SuiteRunner$SuiteWorker.run(SuiteRunner.java:418)
at org.testng.internal.thread.ThreadUtil.lambda$execute$0(ThreadUtil.java:64)
at java.base/java.util.concurrent.FutureTask.run(FutureTask.java:264)
at java.base/java.util.concurrent.ThreadPoolExecutor.runWorker(ThreadPoolExecutor.java:1130)
at java.base/java.util.concurrent.ThreadPoolExecutor$Worker.run(ThreadPoolExecutor.java:630)
at java.base/java.lang.Thread.run(Thread.java:831)
]]>
            </full-stacktrace>
          </exception> <!-- java.lang.AssertionError -->
          <reporter-output>
          </reporter-output>
        </test-method> <!-- testDetails2 -->
        <test-method is-config="true" signature="reverse(org.testng.ITestResult)[pri:0, instance:tests.ToVerifyLoginPage@5e82df6a]" started-at="2022-02-20T21:00:50 IST" name="reverse" finished-at="2022-02-20T21:00:51 IST" duration-ms="507" status="PASS">
          <params>
            <param index="0">
              <value>
                <![CDATA[[TestResult name=testDetails2 status=FAILURE method=ToVerifyLoginPage.testDetails2()[pri:0, instance:tests.ToVerifyLoginPage@5e82df6a] output={null}]]]>
              </value>
            </param>
          </params>
          <reporter-output>
          </reporter-output>
        </test-method> <!-- reverse -->
        <test-method is-config="true" signature="clearPOMOObjects()[pri:0, instance:tests.ToVerifyLoginPage@5e82df6a]" started-at="2022-02-20T21:00:51 IST" name="clearPOMOObjects" finished-at="2022-02-20T21:00:51 IST" duration-ms="2" status="PASS">
          <reporter-output>
          </reporter-output>
        </test-method> <!-- clearPOMOObjects -->
        <test-method is-config="true" signature="garageCleaner()[pri:0, instance:tests.ToVerifyLoginPage@5e82df6a]" started-at="2022-02-20T21:00:51 IST" name="garageCleaner" finished-at="2022-02-20T21:00:51 IST" duration-ms="37" status="PASS">
          <reporter-output>
          </reporter-output>
        </test-method> <!-- garageCleaner -->
      </class> <!-- tests.ToVerifyLoginPage -->
    </test> <!-- Chrome -->
    <test started-at="2022-02-20T21:00:34 IST" name="Edge" finished-at="2022-02-20T21:00:53 IST" duration-ms="18435">
      <class name="tests.ToVerifyLoginPage">
        <test-method is-config="true" signature="launchBrowser(java.lang.String)[pri:0, instance:tests.ToVerifyLoginPage@42e99e4a]" started-at="2022-02-20T21:00:34 IST" name="launchBrowser" finished-at="2022-02-20T21:00:39 IST" duration-ms="5370" status="PASS">
          <params>
            <param index="0">
              <value>
                <![CDATA[msedge]]>
              </value>
            </param>
          </params>
          <reporter-output>
          </reporter-output>
        </test-method> <!-- launchBrowser -->
        <test-method is-config="true" signature="objectOfPOM()[pri:0, instance:tests.ToVerifyLoginPage@42e99e4a]" started-at="2022-02-20T21:00:39 IST" name="objectOfPOM" finished-at="2022-02-20T21:00:39 IST" duration-ms="0" status="PASS">
          <reporter-output>
          </reporter-output>
        </test-method> <!-- objectOfPOM -->
        <test-method is-config="true" signature="loginToUpstox()[pri:0, instance:tests.ToVerifyLoginPage@42e99e4a]" started-at="2022-02-20T21:00:39 IST" name="loginToUpstox" finished-at="2022-02-20T21:00:49 IST" duration-ms="9877" status="PASS">
          <reporter-output>
          </reporter-output>
        </test-method> <!-- loginToUpstox -->
        <test-method signature="testDetails1()[pri:0, instance:tests.ToVerifyLoginPage@42e99e4a]" started-at="2022-02-20T21:00:49 IST" name="testDetails1" finished-at="2022-02-20T21:00:51 IST" duration-ms="1201" status="PASS">
          <reporter-output>
          </reporter-output>
        </test-method> <!-- testDetails1 -->
        <test-method is-config="true" signature="reverse(org.testng.ITestResult)[pri:0, instance:tests.ToVerifyLoginPage@42e99e4a]" started-at="2022-02-20T21:00:51 IST" name="reverse" finished-at="2022-02-20T21:00:51 IST" duration-ms="0" status="PASS">
          <params>
            <param index="0">
              <value>
                <![CDATA[[TestResult name=testDetails1 status=SUCCESS method=ToVerifyLoginPage.testDetails1()[pri:0, instance:tests.ToVerifyLoginPage@42e99e4a] output={null}]]]>
              </value>
            </param>
          </params>
          <reporter-output>
          </reporter-output>
        </test-method> <!-- reverse -->
        <test-method is-config="true" signature="loginToUpstox()[pri:0, instance:tests.ToVerifyLoginPage@42e99e4a]" started-at="2022-02-20T21:00:51 IST" name="loginToUpstox" finished-at="2022-02-20T21:00:51 IST" duration-ms="661" status="PASS">
          <reporter-output>
          </reporter-output>
        </test-method> <!-- loginToUpstox -->
        <test-method signature="testDetails2()[pri:0, instance:tests.ToVerifyLoginPage@42e99e4a]" started-at="2022-02-20T21:00:51 IST" name="testDetails2" finished-at="2022-02-20T21:00:52 IST" duration-ms="1046" status="FAIL">
          <exception class="java.lang.AssertionError">
            <message>
              <![CDATA[null]]>
            </message>
            <full-stacktrace>
              <![CDATA[java.lang.AssertionError: null
at org.testng.Assert.fail(Assert.java:99)
at org.testng.Assert.fail(Assert.java:106)
at tests.ToVerifyLoginPage.testDetails2(ToVerifyLoginPage.java:113)
at java.base/jdk.internal.reflect.NativeMethodAccessorImpl.invoke0(Native Method)
at java.base/jdk.internal.reflect.NativeMethodAccessorImpl.invoke(NativeMethodAccessorImpl.java:78)
at java.base/jdk.internal.reflect.DelegatingMethodAccessorImpl.invoke(DelegatingMethodAccessorImpl.java:43)
at java.base/java.lang.reflect.Method.invoke(Method.java:567)
at org.testng.internal.MethodInvocationHelper.invokeMethod(MethodInvocationHelper.java:133)
at org.testng.internal.TestInvoker.invokeMethod(TestInvoker.java:598)
at org.testng.internal.TestInvoker.invokeTestMethod(TestInvoker.java:173)
at org.testng.internal.MethodRunner.runInSequence(MethodRunner.java:46)
at org.testng.internal.TestInvoker$MethodInvocationAgent.invoke(TestInvoker.java:824)
at org.testng.internal.TestInvoker.invokeTestMethods(TestInvoker.java:146)
at org.testng.internal.TestMethodWorker.invokeTestMethods(TestMethodWorker.java:146)
at org.testng.internal.TestMethodWorker.run(TestMethodWorker.java:128)
at java.base/java.util.ArrayList.forEach(ArrayList.java:1511)
at org.testng.TestRunner.privateRun(TestRunner.java:794)
at org.testng.TestRunner.run(TestRunner.java:596)
at org.testng.SuiteRunner.runTest(SuiteRunner.java:377)
at org.testng.SuiteRunner.access$000(SuiteRunner.java:28)
at org.testng.SuiteRunner$SuiteWorker.run(SuiteRunner.java:418)
at org.testng.internal.thread.ThreadUtil.lambda$execute$0(ThreadUtil.java:64)
at java.base/java.util.concurrent.FutureTask.run(FutureTask.java:264)
at java.base/java.util.concurrent.ThreadPoolExecutor.runWorker(ThreadPoolExecutor.java:1130)
at java.base/java.util.concurrent.ThreadPoolExecutor$Worker.run(ThreadPoolExecutor.java:630)
at java.base/java.lang.Thread.run(Thread.java:831)
]]>
            </full-stacktrace>
          </exception> <!-- java.lang.AssertionError -->
          <reporter-output>
          </reporter-output>
        </test-method> <!-- testDetails2 -->
        <test-method is-config="true" signature="reverse(org.testng.ITestResult)[pri:0, instance:tests.ToVerifyLoginPage@42e99e4a]" started-at="2022-02-20T21:00:52 IST" name="reverse" finished-at="2022-02-20T21:00:52 IST" duration-ms="225" status="PASS">
          <params>
            <param index="0">
              <value>
                <![CDATA[[TestResult name=testDetails2 status=FAILURE method=ToVerifyLoginPage.testDetails2()[pri:0, instance:tests.ToVerifyLoginPage@42e99e4a] output={null}]]]>
              </value>
            </param>
          </params>
          <reporter-output>
          </reporter-output>
        </test-method> <!-- reverse -->
        <test-method is-config="true" signature="clearPOMOObjects()[pri:0, instance:tests.ToVerifyLoginPage@42e99e4a]" started-at="2022-02-20T21:00:52 IST" name="clearPOMOObjects" finished-at="2022-02-20T21:00:52 IST" duration-ms="0" status="PASS">
          <reporter-output>
          </reporter-output>
        </test-method> <!-- clearPOMOObjects -->
        <test-method is-config="true" signature="garageCleaner()[pri:0, instance:tests.ToVerifyLoginPage@42e99e4a]" started-at="2022-02-20T21:00:52 IST" name="garageCleaner" finished-at="2022-02-20T21:00:53 IST" duration-ms="35" status="PASS">
          <reporter-output>
          </reporter-output>
        </test-method> <!-- garageCleaner -->
      </class> <!-- tests.ToVerifyLoginPage -->
    </test> <!-- Edge -->
  </suite> <!-- CBrowserSuit -->
</testng-results>
